[01:25:39.434] [INFO] storybook v10.2.3
[01:25:39.928] [DEBUG] Getting package.json info for /Users/kazuhirotobita/mitsubachi-ui-react/package.json...
[01:25:40.988] [DEBUG] Serving static files from [36mnode_modules/.pnpm/@chromatic-com+storybook@5.0.0_storybook@10.2.3_@testing-library+dom@10.4.1_prettier@3._8eb32ece1f01ac98be3862d2e7d53338/node_modules/@chromatic-com/storybook/assets[39m at [36m/addon-visual-tests-assets[39m
[01:25:40.988] [INFO] Starting...
[01:25:41.013] [WARN] No story files found for the specified pattern: [34mstories/**/*.mdx[39m
[01:25:41.470] [DEBUG] Starting preview..
[01:25:41.475] [WARN] 🚨 Unable to index files:
- ./src/components/button/icon-button/IconButton.mdx,./stories/button/icon-button/IconButton.stories.tsx: You created a component docs page for 'Components/Button/IconButton', but also tagged the CSF file with 'autodocs'. This is probably a mistake.
- ./src/components/button/menu-button/MenuButton.mdx,./stories/button/menu-button/MenuButton.stories.tsx: You created a component docs page for 'Components/Button/MenuButton', but also tagged the CSF file with 'autodocs'. This is probably a mistake.
- ./src/components/checkbox/Checkbox.mdx,./stories/checkbox/Checkbox.stories.tsx: You created a component docs page for 'Components/Checkbox', but also tagged the CSF file with 'autodocs'. This is probably a mistake.
- ./src/components/chip/filter-chip-multi-select-group/FilterChipMultiSelectGroup.mdx,./stories/chip/filter-chip-multi-select-group/FilterChipMultiSelectGroup.stories.tsx: You created a component docs page for 'Components/Chip/FilterChipMultiSelectGroup', but also tagged the CSF file with 'autodocs'. This is probably a mistake.
- ./src/components/chip/filter-chip-single-select-group/FilterChipSingleSelectGroup.mdx,./stories/chip/filter-chip-single-select-group/FilterChipSingleSelectGroup.stories.tsx: You created a component docs page for 'Components/Chip/FilterChipSingleSelectGroup', but also tagged the CSF file with 'autodocs'. This is probably a mistake.
- ./src/components/chip/filter-chip/FilterChip.mdx,./stories/chip/filter-chip/FilterChip.stories.tsx: You created a component docs page for 'Components/Chip/FilterChip', but also tagged the CSF file with 'autodocs'. This is probably a mistake.
- ./src/components/chip/input-chip-group/InputChipGroup.mdx,./stories/chip/input-chip-group/InputChipGroup.stories.tsx: You created a component docs page for 'Components/Chip/InputChipGroup', but also tagged the CSF file with 'autodocs'. This is probably a mistake.
- ./src/components/chip/input-chip/InputChip.mdx,./stories/chip/input-chip/InputChip.stories.tsx: You created a component docs page for 'Components/Chip/InputChip', but also tagged the CSF file with 'autodocs'. This is probably a mistake.
- ./src/components/inline-notification/InlineNotification.mdx,./stories/inline-notification/InlineNotification.stories.tsx: You created a component docs page for 'Components/InlineNotification', but also tagged the CSF file with 'autodocs'. This is probably a mistake.
- ./src/components/search-box/SearchBox.mdx,./stories/search-box/SearchBox.stories.tsx: You created a component docs page for 'Components/SearchBox', but also tagged the CSF file with 'autodocs'. This is probably a mistake.
- ./src/components/table/table-body-cell/TableBodyCell.mdx,./stories/table/table-body-cell/TableBodyCell.stories.tsx: You created a component docs page for 'Components/Table/TableBodyCell', but also tagged the CSF file with 'autodocs'. This is probably a mistake.
- ./src/components/table/table-header-cell/TableHeaderCell.mdx,./stories/table/table-header-cell/TableHeaderCell.stories.tsx: You created a component docs page for 'Components/Table/TableHeaderCell', but also tagged the CSF file with 'autodocs'. This is probably a mistake.
- ./src/components/table/table/Table.mdx,./stories/table/table/Table.stories.tsx: You created a component docs page for 'Components/Table/Table', but also tagged the CSF file with 'autodocs'. This is probably a mistake.
- ./src/components/tag/link-tag-group/LinkTagGroup.mdx,./stories/tag/link-tag-group/LinkTagGroup.stories.tsx: You created a component docs page for 'Components/Tag/LinkTagGroup', but also tagged the CSF file with 'autodocs'. This is probably a mistake.
- ./src/components/tag/link-tag/LinkTag.mdx,./stories/tag/link-tag/LinkTag.stories.tsx: You created a component docs page for 'Components/Tag/LinkTag', but also tagged the CSF file with 'autodocs'. This is probably a mistake.
- ./src/components/tag/read-only-tag/ReadOnlyTag.mdx,./stories/tag/read-only-tag/ReadOnlyTag.stories.tsx: You created a component docs page for 'Components/Tag/ReadOnlyTag', but also tagged the CSF file with 'autodocs'. This is probably a mistake.
- ./src/components/text-area/text-area-unit/TextAreaUnit.mdx,./stories/text-area/text-area-unit/TextAreaUnit.stories.tsx: You created a component docs page for 'Components/TextArea/TextAreaUnit', but also tagged the CSF file with 'autodocs'. This is probably a mistake.
- ./src/components/text-area/text-area/TextArea.mdx,./stories/text-area/text-area/TextArea.stories.tsx: You created a component docs page for 'Components/TextArea/TextArea', but also tagged the CSF file with 'autodocs'. This is probably a mistake.
- ./src/components/timeline/timeline/Timeline.mdx,./stories/timeline/Timeline.stories.tsx: You created a component docs page for 'Components/Timeline/Timeline', but also tagged the CSF file with 'autodocs'. This is probably a mistake.
- ./src/components/timeline/timeline-item/TimelineItem.mdx,./stories/timeline/TimelineItem.stories.tsx: You created a component docs page for 'Components/Timeline/TimelineItem', but also tagged the CSF file with 'autodocs'. This is probably a mistake.
- ./src/components/tooltip/Tooltip.mdx,./stories/tooltip/Tooltip.stories.tsx: You created a component docs page for 'Components/Tooltip', but also tagged the CSF file with 'autodocs'. This is probably a mistake.
[01:25:41.483] [ERROR] Failed to build the preview
[01:25:41.483] [ERROR] Error: [38;2;241;97;97mUnable to index files:
- ./src/components/button/icon-button/IconButton.mdx,./stories/button/icon-button/IconButton.stories.tsx: You created a component docs page for 'Components/Button/IconButton', but also tagged the CSF file with 'autodocs'. This is probably a mistake.
- ./src/components/button/menu-button/MenuButton.mdx,./stories/button/menu-button/MenuButton.stories.tsx: You created a component docs page for 'Components/Button/MenuButton', but also tagged the CSF file with 'autodocs'. This is probably a mistake.
- ./src/components/checkbox/Checkbox.mdx,./stories/checkbox/Checkbox.stories.tsx: You created a component docs page for 'Components/Checkbox', but also tagged the CSF file with 'autodocs'. This is probably a mistake.
- ./src/components/chip/filter-chip-multi-select-group/FilterChipMultiSelectGroup.mdx,./stories/chip/filter-chip-multi-select-group/FilterChipMultiSelectGroup.stories.tsx: You created a component docs page for 'Components/Chip/FilterChipMultiSelectGroup', but also tagged the CSF file with 'autodocs'. This is probably a mistake.
- ./src/components/chip/filter-chip-single-select-group/FilterChipSingleSelectGroup.mdx,./stories/chip/filter-chip-single-select-group/FilterChipSingleSelectGroup.stories.tsx: You created a component docs page for 'Components/Chip/FilterChipSingleSelectGroup', but also tagged the CSF file with 'autodocs'. This is probably a mistake.
- ./src/components/chip/filter-chip/FilterChip.mdx,./stories/chip/filter-chip/FilterChip.stories.tsx: You created a component docs page for 'Components/Chip/FilterChip', but also tagged the CSF file with 'autodocs'. This is probably a mistake.
- ./src/components/chip/input-chip-group/InputChipGroup.mdx,./stories/chip/input-chip-group/InputChipGroup.stories.tsx: You created a component docs page for 'Components/Chip/InputChipGroup', but also tagged the CSF file with 'autodocs'. This is probably a mistake.
- ./src/components/chip/input-chip/InputChip.mdx,./stories/chip/input-chip/InputChip.stories.tsx: You created a component docs page for 'Components/Chip/InputChip', but also tagged the CSF file with 'autodocs'. This is probably a mistake.
- ./src/components/inline-notification/InlineNotification.mdx,./stories/inline-notification/InlineNotification.stories.tsx: You created a component docs page for 'Components/InlineNotification', but also tagged the CSF file with 'autodocs'. This is probably a mistake.
- ./src/components/search-box/SearchBox.mdx,./stories/search-box/SearchBox.stories.tsx: You created a component docs page for 'Components/SearchBox', but also tagged the CSF file with 'autodocs'. This is probably a mistake.
- ./src/components/table/table-body-cell/TableBodyCell.mdx,./stories/table/table-body-cell/TableBodyCell.stories.tsx: You created a component docs page for 'Components/Table/TableBodyCell', but also tagged the CSF file with 'autodocs'. This is probably a mistake.
- ./src/components/table/table-header-cell/TableHeaderCell.mdx,./stories/table/table-header-cell/TableHeaderCell.stories.tsx: You created a component docs page for 'Components/Table/TableHeaderCell', but also tagged the CSF file with 'autodocs'. This is probably a mistake.
- ./src/components/table/table/Table.mdx,./stories/table/table/Table.stories.tsx: You created a component docs page for 'Components/Table/Table', but also tagged the CSF file with 'autodocs'. This is probably a mistake.
- ./src/components/tag/link-tag-group/LinkTagGroup.mdx,./stories/tag/link-tag-group/LinkTagGroup.stories.tsx: You created a component docs page for 'Components/Tag/LinkTagGroup', but also tagged the CSF file with 'autodocs'. This is probably a mistake.
- ./src/components/tag/link-tag/LinkTag.mdx,./stories/tag/link-tag/LinkTag.stories.tsx: You created a component docs page for 'Components/Tag/LinkTag', but also tagged the CSF file with 'autodocs'. This is probably a mistake.
- ./src/components/tag/read-only-tag/ReadOnlyTag.mdx,./stories/tag/read-only-tag/ReadOnlyTag.stories.tsx: You created a component docs page for 'Components/Tag/ReadOnlyTag', but also tagged the CSF file with 'autodocs'. This is probably a mistake.
- ./src/components/text-area/text-area-unit/TextAreaUnit.mdx,./stories/text-area/text-area-unit/TextAreaUnit.stories.tsx: You created a component docs page for 'Components/TextArea/TextAreaUnit', but also tagged the CSF file with 'autodocs'. This is probably a mistake.
- ./src/components/text-area/text-area/TextArea.mdx,./stories/text-area/text-area/TextArea.stories.tsx: You created a component docs page for 'Components/TextArea/TextArea', but also tagged the CSF file with 'autodocs'. This is probably a mistake.
- ./src/components/timeline/timeline/Timeline.mdx,./stories/timeline/Timeline.stories.tsx: You created a component docs page for 'Components/Timeline/Timeline', but also tagged the CSF file with 'autodocs'. This is probably a mistake.
- ./src/components/timeline/timeline-item/TimelineItem.mdx,./stories/timeline/TimelineItem.stories.tsx: You created a component docs page for 'Components/Timeline/TimelineItem', but also tagged the CSF file with 'autodocs'. This is probably a mistake.
- ./src/components/tooltip/Tooltip.mdx,./stories/tooltip/Tooltip.stories.tsx: You created a component docs page for 'Components/Tooltip', but also tagged the CSF file with 'autodocs'. This is probably a mistake.[39m
    at _StoryIndexGenerator.getIndexAndStats (file://./node_modules/.pnpm/storybook@10.2.3_@testing-library+dom@10.4.1_prettier@3.8.1_react-dom@19.2.4_react@19.2.4__react@19.2.4/node_modules/storybook/dist/core-server/index.js:6092:15)
    at async _StoryIndexGenerator.getIndex (file://./node_modules/.pnpm/storybook@10.2.3_@testing-library+dom@10.4.1_prettier@3.8.1_react-dom@19.2.4_react@19.2.4__react@19.2.4/node_modules/storybook/dist/core-server/index.js:6071:13)
    at async getOptimizeDeps (file://./node_modules/.pnpm/@storybook+builder-vite@10.2.3_esbuild@0.27.2_rollup@4.57.1_storybook@10.2.3_@testing-l_25ac5c666ee52c26658deed68fb1dbab/node_modules/@storybook/builder-vite/dist/index.js:1845:15)
    at async createViteServer (file://./node_modules/.pnpm/@storybook+builder-vite@10.2.3_esbuild@0.27.2_rollup@4.57.1_storybook@10.2.3_@testing-l_25ac5c666ee52c26658deed68fb1dbab/node_modules/@storybook/builder-vite/dist/index.js:1871:19)
    at async Module.start (file://./node_modules/.pnpm/@storybook+builder-vite@10.2.3_esbuild@0.27.2_rollup@4.57.1_storybook@10.2.3_@testing-l_25ac5c666ee52c26658deed68fb1dbab/node_modules/@storybook/builder-vite/dist/index.js:1906:17)
    at async storybookDevServer (file://./node_modules/.pnpm/storybook@10.2.3_@testing-library+dom@10.4.1_prettier@3.8.1_react-dom@19.2.4_react@19.2.4__react@19.2.4/node_modules/storybook/dist/core-server/index.js:7207:83)
    at async buildOrThrow (file://./node_modules/.pnpm/storybook@10.2.3_@testing-library+dom@10.4.1_prettier@3.8.1_react-dom@19.2.4_react@19.2.4__react@19.2.4/node_modules/storybook/dist/core-server/index.js:4504:12)
    at async buildDevStandalone (file://./node_modules/.pnpm/storybook@10.2.3_@testing-library+dom@10.4.1_prettier@3.8.1_react-dom@19.2.4_react@19.2.4__react@19.2.4/node_modules/storybook/dist/core-server/index.js:7577:66)
    at async withTelemetry (file://./node_modules/.pnpm/storybook@10.2.3_@testing-library+dom@10.4.1_prettier@3.8.1_react-dom@19.2.4_react@19.2.4__react@19.2.4/node_modules/storybook/dist/_node-chunks/chunk-JS7T7TRL.js:218:12)
    at async dev (file://./node_modules/.pnpm/storybook@10.2.3_@testing-library+dom@10.4.1_prettier@3.8.1_react-dom@19.2.4_react@19.2.4__react@19.2.4/node_modules/storybook/dist/bin/core.js:2734:3)
[01:25:41.491] [WARN] Broken build, fix the error above.
You may need to refresh the browser.
[01:25:44.166] [PROMPT] Would you like to send anonymous crash reports to improve Storybook and fix bugs faster? {"choice":true}